0 info it worked if it ends with ok
1 verbose cli [ 'node', '/usr/local/bin/npm', 'install', 'XMLHttpRequest' ]
2 info using npm@1.4.28
3 info using node@v0.10.32
4 verbose cache add [ 'XMLHttpRequest', null ]
5 verbose cache add name=undefined spec="XMLHttpRequest" args=["XMLHttpRequest",null]
6 verbose parsed url { protocol: null,
6 verbose parsed url   slashes: null,
6 verbose parsed url   auth: null,
6 verbose parsed url   host: null,
6 verbose parsed url   port: null,
6 verbose parsed url   hostname: null,
6 verbose parsed url   hash: null,
6 verbose parsed url   search: null,
6 verbose parsed url   query: null,
6 verbose parsed url   pathname: 'XMLHttpRequest',
6 verbose parsed url   path: 'XMLHttpRequest',
6 verbose parsed url   href: 'XMLHttpRequest' }
7 silly lockFile 1a1dc754-XMLHttpRequest XMLHttpRequest
8 verbose lock XMLHttpRequest /Users/Eddie/.npm/1a1dc754-XMLHttpRequest.lock
9 silly lockFile 1a1dc754-XMLHttpRequest XMLHttpRequest
10 silly lockFile 1a1dc754-XMLHttpRequest XMLHttpRequest
11 verbose addNamed [ 'XMLHttpRequest', '' ]
12 verbose addNamed [ null, '*' ]
13 silly lockFile 96ffa349-XMLHttpRequest XMLHttpRequest@
14 verbose lock XMLHttpRequest@ /Users/Eddie/.npm/96ffa349-XMLHttpRequest.lock
15 silly addNameRange { name: 'XMLHttpRequest', range: '*', hasData: false }
16 verbose request where is /XMLHttpRequest
17 verbose request registry https://registry.npmjs.org/
18 verbose request id 9b69001e47a01109
19 verbose url raw /XMLHttpRequest
20 verbose url resolving [ 'https://registry.npmjs.org/', './XMLHttpRequest' ]
21 verbose url resolved https://registry.npmjs.org/XMLHttpRequest
22 verbose request where is https://registry.npmjs.org/XMLHttpRequest
23 info trying registry request attempt 1 at 02:53:18
24 http GET https://registry.npmjs.org/XMLHttpRequest
25 http 404 https://registry.npmjs.org/XMLHttpRequest
26 verbose headers { server: 'CouchDB/1.5.0 (Erlang OTP/R16B03)',
26 verbose headers   'content-type': 'application/json',
26 verbose headers   'cache-control': 'max-age=0',
26 verbose headers   'content-length': '51',
26 verbose headers   'accept-ranges': 'bytes',
26 verbose headers   date: 'Sat, 18 Jul 2015 09:53:19 GMT',
26 verbose headers   via: '1.1 varnish',
26 verbose headers   age: '0',
26 verbose headers   connection: 'keep-alive',
26 verbose headers   'x-served-by': 'cache-sjc3127-SJC',
26 verbose headers   'x-cache': 'MISS',
26 verbose headers   'x-cache-hits': '0',
26 verbose headers   'x-timer': 'S1437213199.476723,VS0,VE347' }
27 silly registry.get cb [ 404,
27 silly registry.get   { server: 'CouchDB/1.5.0 (Erlang OTP/R16B03)',
27 silly registry.get     'content-type': 'application/json',
27 silly registry.get     'cache-control': 'max-age=0',
27 silly registry.get     'content-length': '51',
27 silly registry.get     'accept-ranges': 'bytes',
27 silly registry.get     date: 'Sat, 18 Jul 2015 09:53:19 GMT',
27 silly registry.get     via: '1.1 varnish',
27 silly registry.get     age: '0',
27 silly registry.get     connection: 'keep-alive',
27 silly registry.get     'x-served-by': 'cache-sjc3127-SJC',
27 silly registry.get     'x-cache': 'MISS',
27 silly registry.get     'x-cache-hits': '0',
27 silly registry.get     'x-timer': 'S1437213199.476723,VS0,VE347' } ]
28 silly lockFile 96ffa349-XMLHttpRequest XMLHttpRequest@
29 silly lockFile 96ffa349-XMLHttpRequest XMLHttpRequest@
30 error 404 404 Not Found: XMLHttpRequest
30 error 404
30 error 404 'XMLHttpRequest' is not in the npm registry.
30 error 404 You should bug the author to publish it
30 error 404
30 error 404 Note that you can also install from a
30 error 404 tarball, folder, or http url, or git url.
31 error System Darwin 14.4.0
32 error command "node" "/usr/local/bin/npm" "install" "XMLHttpRequest"
33 error cwd /Users/Eddie/Documents/LinkedIn/dont-be-late2/javascript
34 error node -v v0.10.32
35 error npm -v 1.4.28
36 error code E404
37 verbose exit [ 1, true ]
